#
# There is insufficient memory for the Java Runtime Environment to continue.
# Native memory allocation (mmap) failed to map 266338304 bytes. Error detail: G1 virtual space
# Possible reasons:
#   The system is out of physical RAM or swap space
#   This process is running with CompressedOops enabled, and the Java Heap may be blocking the growth of the native heap
# Possible solutions:
#   Reduce memory load on the system
#   Increase physical memory or swap space
#   Check if swap backing store is full
#   Decrease Java heap size (-Xmx/-Xms)
#   Decrease number of Java threads
#   Decrease Java thread stack sizes (-Xss)
#   Set larger code cache with -XX:ReservedCodeCacheSize=
#   JVM is running with Zero Based Compressed Oops mode in which the Java heap is
#     placed in the first 32GB address space. The Java Heap base address is the
#     maximum limit for the native heap growth. Please use -XX:HeapBaseMinAddress
#     to set the Java Heap base and to place the Java Heap above 32GB virtual address.
# This output file may be truncated or incomplete.
#
#  Out of Memory Error (os_windows.cpp:3690), pid=5324, tid=4264
#
# JRE version:  (17.0.18+8) (build )
# Java VM: OpenJDK 64-Bit Server VM (17.0.18+8-LTS, mixed mode, sharing, tiered, compressed oops, compressed class ptrs, g1 gc, windows-amd64)
# No core dump will be written. Minidumps are not enabled by default on client versions of Windows
#

---------------  S U M M A R Y ------------

Command Line: proguard.ProGuard -injars 'C:\Users\elkol\OneDrive\Desktop\gson\gson\target\test-classes-obfuscated-injar'(!META-INF/maven/**,**/*.class) -libraryjars 'C:\Users\elkol\.m2\repository\com\google\errorprone\error_prone_annotations\2.47.0\error_prone_annotations-2.47.0.jar' -outjars 'C:\Users\elkol\OneDrive\Desktop\gson\gson\target\test-classes-obfuscated-outjar' -include 'C:\Users\elkol\OneDrive\Desktop\gson\gson\src\test\resources\testcases-proguard.conf' -libraryjars 'C:\Users\elkol\OneDrive\Desktop\gson\gson\target/classes' -libraryjars 'C:\Users\elkol\.jdks\ms-17.0.18/jmods/java.base.jmod' -printmapping 'C:\Users\elkol\OneDrive\Desktop\gson\gson\target\proguard_map.txt' -printseeds 'C:\Users\elkol\OneDrive\Desktop\gson\gson\target\proguard_seed.txt'

Host: Intel(R) Core(TM) i5-8365U CPU @ 1.60GHz, 8 cores, 15G,  Windows 11 , 64 bit Build 26100 (10.0.26100.7920)
Time: Sat Apr  4 21:01:38 2026 Romance Daylight Time elapsed time: 0.026117 seconds (0d 0h 0m 0s)

---------------  T H R E A D  ---------------

Current thread (0x0000013a09c51a30):  JavaThread "Unknown thread" [_thread_in_vm, id=4264, stack(0x0000002e8ed00000,0x0000002e8ee00000)]

Stack: [0x0000002e8ed00000,0x0000002e8ee00000]
Native frames: (J=compiled Java code, j=interpreted, Vv=VM code, C=native code)
V  [jvm.dll+0x68c879]  (no source info available)
V  [jvm.dll+0x845979]  (no source info available)
V  [jvm.dll+0x8476e8]  (no source info available)
V  [jvm.dll+0x847d73]  (no source info available)
V  [jvm.dll+0x24cf6f]  (no source info available)
V  [jvm.dll+0x68bc79]  (no source info available)
V  [jvm.dll+0x68023a]  (no source info available)
V  [jvm.dll+0x3101a0]  (no source info available)
V  [jvm.dll+0x310042]  (no source info available)
V  [jvm.dll+0x317599]  (no source info available)
V  [jvm.dll+0x369999]  (no source info available)
V  [jvm.dll+0x369bcd]  (no source info available)
V  [jvm.dll+0x2e69aa]  (no source info available)
V  [jvm.dll+0x2e78b8]  (no source info available)
V  [jvm.dll+0x81871e]  (no source info available)
V  [jvm.dll+0x377601]  (no source info available)
V  [jvm.dll+0x7f6d65]  (no source info available)
V  [jvm.dll+0x3fd47b]  (no source info available)
V  [jvm.dll+0x3ff0b1]  (no source info available)
C  [jli.dll+0x52f0]  (no source info available)
C  [ucrtbase.dll+0x37b0]  (no source info available)
C  [KERNEL32.DLL+0x2e8d7]  (no source info available)
C  [ntdll.dll+0x8c48c]  (no source info available)


---------------  P R O C E S S  ---------------

Threads class SMR info:
_java_thread_list=0x00007ffd403c6058, length=0, elements={
}

Java Threads: ( => current thread )

Other Threads:
  0x0000013a09cbfac0 GCTaskThread "GC Thread#0" [stack: 0x0000002e8ee00000,0x0000002e8ef00000] [id=10692]
  0x0000013a09cd1210 ConcurrentGCThread "G1 Main Marker" [stack: 0x0000002e8ef00000,0x0000002e8f000000] [id=8080]
  0x0000013a09cd22e0 ConcurrentGCThread "G1 Conc#0" [stack: 0x0000002e8f000000,0x0000002e8f100000] [id=15000]

[error occurred during error reporting (printing all threads), id 0xc0000005, EXCEPTION_ACCESS_VIOLATION (0xc0000005) at pc=0x00007ffd3fb774e7]

VM state: not at safepoint (not fully initialized)

VM Mutex/Monitor currently owned by a thread:  ([mutex/lock_event])
[0x0000013a09c4c6c0] Heap_lock - owner thread: 0x0000013a09c51a30

Heap address: 0x0000000703e00000, size: 4034 MB, Compressed Oops mode: Zero based, Oop shift amount: 3

CDS archive(s) mapped at: [0x0000000000000000-0x0000000000000000-0x0000000000000000), size 0, SharedBaseAddress: 0x0000000800000000, ArchiveRelocationMode: 1.
Narrow klass base: 0x0000000000000000, Narrow klass shift: 0, Narrow klass range: 0x0

GC Precious Log:
<Empty>

Heap:
 garbage-first heap   total 0K, used 0K [0x0000000703e00000, 0x0000000800000000)
  region size 2048K, 0 young (0K), 0 survivors (0K)

[error occurred during error reporting (printing heap information), id 0xc0000005, EXCEPTION_ACCESS_VIOLATION (0xc0000005) at pc=0x00007ffd3ff68929]

GC Heap History (0 events):
No events

Dll operation events (1 events):
Event: 0.017 Loaded shared library C:\Users\elkol\.jdks\ms-17.0.18\bin\java.dll

Deoptimization events (0 events):
No events

Classes loaded (0 events):
No events

Classes unloaded (0 events):
No events

Classes redefined (0 events):
No events

Internal exceptions (0 events):
No events

VM Operations (0 events):
No events

Memory protections (0 events):
No events

Nmethod flushes (0 events):
No events

Events (0 events):
No events


Dynamic libraries:
0x00007ff6a4d60000 - 0x00007ff6a4d6e000 	C:\Users\elkol\.jdks\ms-17.0.18\bin\java.exe
0x00007ffdffc80000 - 0x00007ffdffee7000 	C:\WINDOWS\SYSTEM32\ntdll.dll
0x00007ffdff2a0000 - 0x00007ffdff369000 	C:\WINDOWS\System32\KERNEL32.DLL
0x00007ffdfc8e0000 - 0x00007ffdfccd1000 	C:\WINDOWS\System32\KERNELBASE.dll
0x00007ffdfd840000 - 0x00007ffdfd98b000 	C:\WINDOWS\System32\ucrtbase.dll
0x00007ffde8690000 - 0x00007ffde86ae000 	C:\Users\elkol\.jdks\ms-17.0.18\bin\VCRUNTIME140.dll
0x00007ffde8720000 - 0x00007ffde8738000 	C:\Users\elkol\.jdks\ms-17.0.18\bin\jli.dll
0x00007ffdfee20000 - 0x00007ffdfefe5000 	C:\WINDOWS\System32\USER32.dll
0x00007ffde4be0000 - 0x00007ffde4e73000 	C:\WINDOWS\WinSxS\amd64_microsoft.windows.common-controls_6595b64144ccf1df_6.0.26100.8037_none_3e092faae333b53b\COMCTL32.dll
0x00007ffdfc8b0000 - 0x00007ffdfc8d7000 	C:\WINDOWS\System32\win32u.dll
0x00007ffdff1f0000 - 0x00007ffdff299000 	C:\WINDOWS\System32\msvcrt.dll
0x00007ffdff660000 - 0x00007ffdff68b000 	C:\WINDOWS\System32\GDI32.dll
0x00007ffdfc560000 - 0x00007ffdfc68b000 	C:\WINDOWS\System32\gdi32full.dll
0x00007ffdfc800000 - 0x00007ffdfc8a3000 	C:\WINDOWS\System32\msvcp_win.dll
0x00007ffdff910000 - 0x00007ffdff941000 	C:\WINDOWS\System32\IMM32.DLL
0x00007ffdeb420000 - 0x00007ffdeb42c000 	C:\Users\elkol\.jdks\ms-17.0.18\bin\vcruntime140_1.dll
0x00007ffdd8eb0000 - 0x00007ffdd8f39000 	C:\Users\elkol\.jdks\ms-17.0.18\bin\msvcp140.dll
0x00007ffd3f880000 - 0x00007ffd404fa000 	C:\Users\elkol\.jdks\ms-17.0.18\bin\server\jvm.dll
0x00007ffdff400000 - 0x00007ffdff4bb000 	C:\WINDOWS\System32\ADVAPI32.dll
0x00007ffdfda70000 - 0x00007ffdfdb17000 	C:\WINDOWS\System32\sechost.dll
0x00007ffdfdb20000 - 0x00007ffdfdc38000 	C:\WINDOWS\System32\RPCRT4.dll
0x00007ffdff380000 - 0x00007ffdff3f4000 	C:\WINDOWS\System32\WS2_32.dll
0x00007ffdfc3c0000 - 0x00007ffdfc41e000 	C:\WINDOWS\SYSTEM32\POWRPROF.dll
0x00007ffde26f0000 - 0x00007ffde2725000 	C:\WINDOWS\SYSTEM32\WINMM.dll
0x00007ffdf2d50000 - 0x00007ffdf2d5b000 	C:\WINDOWS\SYSTEM32\VERSION.dll
0x00007ffdfc3a0000 - 0x00007ffdfc3b4000 	C:\WINDOWS\SYSTEM32\UMPDC.dll
0x00007ffdfb2b0000 - 0x00007ffdfb2cb000 	C:\WINDOWS\SYSTEM32\kernel.appcore.dll
0x00007ffdeaa20000 - 0x00007ffdeaa2a000 	C:\Users\elkol\.jdks\ms-17.0.18\bin\jimage.dll
0x00007ffdf6940000 - 0x00007ffdf6b82000 	C:\WINDOWS\SYSTEM32\DBGHELP.DLL
0x00007ffdfe9c0000 - 0x00007ffdfed42000 	C:\WINDOWS\System32\combase.dll
0x00007ffdfdcc0000 - 0x00007ffdfdd97000 	C:\WINDOWS\System32\OLEAUT32.dll
0x00007ffdddd50000 - 0x00007ffdddd8b000 	C:\WINDOWS\SYSTEM32\dbgcore.DLL
0x00007ffdfd790000 - 0x00007ffdfd835000 	C:\WINDOWS\System32\bcryptPrimitives.dll
0x00007ffde8660000 - 0x00007ffde8686000 	C:\Users\elkol\.jdks\ms-17.0.18\bin\java.dll

dbghelp: loaded successfully - version: 4.0.5 - missing functions: none
symbol engine: initialized successfully - sym options: 0x614 - pdb path: .;C:\Users\elkol\.jdks\ms-17.0.18\bin;C:\WINDOWS\SYSTEM32;C:\WINDOWS\WinSxS\amd64_microsoft.windows.common-controls_6595b64144ccf1df_6.0.26100.8037_none_3e092faae333b53b;C:\Users\elkol\.jdks\ms-17.0.18\bin\server

VM Arguments:
java_command: proguard.ProGuard -injars 'C:\Users\elkol\OneDrive\Desktop\gson\gson\target\test-classes-obfuscated-injar'(!META-INF/maven/**,**/*.class) -libraryjars 'C:\Users\elkol\.m2\repository\com\google\errorprone\error_prone_annotations\2.47.0\error_prone_annotations-2.47.0.jar' -outjars 'C:\Users\elkol\OneDrive\Desktop\gson\gson\target\test-classes-obfuscated-outjar' -include 'C:\Users\elkol\OneDrive\Desktop\gson\gson\src\test\resources\testcases-proguard.conf' -libraryjars 'C:\Users\elkol\OneDrive\Desktop\gson\gson\target/classes' -libraryjars 'C:\Users\elkol\.jdks\ms-17.0.18/jmods/java.base.jmod' -printmapping 'C:\Users\elkol\OneDrive\Desktop\gson\gson\target\proguard_map.txt' -printseeds 'C:\Users\elkol\OneDrive\Desktop\gson\gson\target\proguard_seed.txt'
java_class_path (initial): C:\Users\elkol\.m2\repository\com\guardsquare\proguard-core\9.3.0\proguard-core-9.3.0.jar;C:\Users\elkol\.m2\repository\org\codehaus\plexus\plexus-component-api\1.0-alpha-15\plexus-component-api-1.0-alpha-15.jar;C:\Users\elkol\.m2\repository\org\codehaus\plexus\plexus-component-annotations\2.1.0\plexus-component-annotations-2.1.0.jar;C:\Users\elkol\.m2\repository\com\github\wvengen\proguard-maven-plugin\2.7.0\proguard-maven-plugin-2.7.0.jar;C:\Users\elkol\.m2\repository\org\apache\ant\ant\1.10.15\ant-1.10.15.jar;C:\Users\elkol\.m2\repository\org\codehaus\plexus\plexus-io\1.0-alpha-3\plexus-io-1.0-alpha-3.jar;C:\Users\elkol\.m2\repository\org\apache\logging\log4j\log4j-core\2.24.2\log4j-core-2.24.2.jar;C:\Users\elkol\.m2\repository\org\codehaus\plexus\plexus-interpolation\1.6\plexus-interpolation-1.6.jar;C:\Users\elkol\.m2\repository\org\codehaus\plexus\plexus-container-default\1.0-alpha-8\plexus-container-default-1.0-alpha-8.jar;C:\Users\elkol\.m2\repository\org\apache\maven\maven-plugin-api\3.9.9\maven-plugin-api-3.9.9.jar;C:\Users\elkol\.m2\repository\org\apache\maven\maven-archiver\2.4\maven-archiver-2.4.jar;C:\Users\elkol\.m2\repository\org\jetbrains\annotations\26.0.1\annotations-26.0.1.jar;C:\Users\elkol\.m2\repository\org\apache\maven\maven-artifact\2.0\maven-artifact-2.0.jar;C:\Users\elkol\.m2\repository\org\apache\maven\maven-profile\2.0\maven-profile-2.0.jar;C:\Users\elkol\.m2\repository\org\apache\logging\log4j\log4j-api\2.24.2\log4j-api-2.24.2.jar;C:\Users\elkol\.m2\repository\org\eclipse\sisu\org.eclipse.sisu.plexus\0.9.0.M3\org.eclipse.sisu.plexus-0.9.0.M3.jar;C:\Users\elkol\.m2\repository\org\codehaus\plexus\plexus-classworlds\2.8.0\plexus-classworlds-2.8.0.jar;C:\Users\elkol\.m2\repository\junit\junit\3.8.1\junit-3.8.1.jar;C:\Users\elkol\.m2\repository\com\google\errorprone\error_prone_annotations\2.27.0\error_prone_annotations-2.27.0.jar;C:\Users\elkol\.m2\repository\org\jetbrains\kotlin\kotlin-stdlib\2.2.0\kotlin-stdlib
Launcher Type: SUN_STANDARD

[Global flags]
     intx CICompilerCount                          = 4                                         {product} {ergonomic}
     uint ConcGCThreads                            = 2                                         {product} {ergonomic}
     uint G1ConcRefinementThreads                  = 8                                         {product} {ergonomic}
   size_t G1HeapRegionSize                         = 2097152                                   {product} {ergonomic}
    uintx GCDrainStackTargetSize                   = 64                                        {product} {ergonomic}
   size_t InitialHeapSize                          = 266338304                                 {product} {ergonomic}
   size_t MarkStackSize                            = 4194304                                   {product} {ergonomic}
   size_t MaxHeapSize                              = 4229955584                                {product} {ergonomic}
   size_t MinHeapDeltaBytes                        = 2097152                                   {product} {ergonomic}
   size_t MinHeapSize                              = 8388608                                   {product} {ergonomic}
    uintx NonNMethodCodeHeapSize                   = 5839372                                {pd product} {ergonomic}
    uintx NonProfiledCodeHeapSize                  = 122909434                              {pd product} {ergonomic}
    uintx ProfiledCodeHeapSize                     = 122909434                              {pd product} {ergonomic}
    uintx ReservedCodeCacheSize                    = 251658240                              {pd product} {ergonomic}
     bool SegmentedCodeCache                       = true                                      {product} {ergonomic}
   size_t SoftMaxHeapSize                          = 4229955584                             {manageable} {ergonomic}
     bool UseCompressedClassPointers               = true                           {product lp64_product} {ergonomic}
     bool UseCompressedOops                        = true                           {product lp64_product} {ergonomic}
     bool UseG1GC                                  = true                                      {product} {ergonomic}
     bool UseLargePagesIndividualAllocation        = false                                  {pd product} {ergonomic}

Logging:
Log output configuration:
 #0: stdout all=warning uptime,level,tags
 #1: stderr all=off uptime,level,tags

Environment Variables:
JAVA_HOME=C:\Users\elkol\.jdks\ms-17.0.18
PATH=C:\Python313\Scripts\;C:\Python313\;C:\Users\elkol\OneDrive\Desktop\Oracle_21_C\bin;C:\app\elkol\product\12.2.0\dbhome_1\bin;C:\WINDOWS\system32;C:\WINDOWS;C:\WINDOWS\System32\Wbem;C:\WINDOWS\System32\WindowsPowerShell\v1.0\;C:\WINDOWS\System32\OpenSSH\;C:\Bison\bin;C:\Program Files (x86)\CodeBlocks\MinGW\bin;C:\Program Files (x86)\GnuWin32\bin;C:\Program Files\Git\cmd;C:\Program Files\Git LFS;C:\Users\elkol\.conda\envs\st_attempt\Scripts;C:\Users\elkol\anaconda3;C:\Users\elkol\anaconda3\Scripts;C:\Users\elkol\anaconda3\Library\bin;C:\Program Files\Docker\Docker\resources\bin;C:\Program Files (x86)\ZeroTier\One\;C:\ProgramData\chocolatey\bin;C:\Program Files\nodejs\;%MAVEN_HOME%\bin;C:\Program Files\Apache\apache-maven-3.9.12-bin\apache-maven-3.9.12\bin;C:\Users\elkol\.jdks\ms-17.0.18\bin;C:\Users\elkol\AppData\Local\Programs\Python\Python312\Scripts\;C:\Users\elkol\AppData\Local\Programs\Python\Python312\;C:\Users\elkol\AppData\Local\Microsoft\WindowsApps;C:\Users\elkol\AppData\Local\Programs\MiKTeX\miktex\bin\x64\;C:\Users\elkol\AppData\Local\Programs\Microsoft VS Code\bin;C:\flutter\src\flutter\bin;C:\Program Files\MongoDB\mongosh-2.5.6-win32-x64\bin;C:\ghcup\bin;C:\Users\elkol\AppData\Local\GitHubDesktop\bin;C:\Users\elkol\AppData\Roaming\npm;C:\Program Files\JetBrains\IntelliJ IDEA 2025.3.2\bin;C:\Program Files\JetBrains\DataGrip 2025.3.5\bin;C:\Program Files\JetBrains\PyCharm 2025.3.3\bin
USERNAME=elkol
OS=Windows_NT
PROCESSOR_IDENTIFIER=Intel64 Family 6 Model 142 Stepping 12, GenuineIntel
TMP=C:\Users\elkol\AppData\Local\Temp
TEMP=C:\Users\elkol\AppData\Local\Temp



Periodic native trim disabled


---------------  S Y S T E M  ---------------

OS:
 Windows 11 , 64 bit Build 26100 (10.0.26100.7920)
OS uptime: 8 days 2:42 hours
Hyper-V role detected

CPU: total 8 (initial active 8) (4 cores per cpu, 2 threads per core) family 6 model 142 stepping 12 microcode 0xf8, cx8, cmov, fxsr, ht, mmx, 3dnowpref, sse, sse2, sse3, ssse3, sse4.1, sse4.2, popcnt, lzcnt, tsc, tscinvbit, avx, avx2, aes, erms, clmul, bmi1, bmi2, adx, fma, vzeroupper, clflush, clflushopt, hv
Processor Information for the first 8 processors :
  Max Mhz: 1896, Current Mhz: 798, Mhz Limit: 796

Memory: 4k page, system-wide physical 16133M (2658M free)
TotalPageFile size 21927M (AvailPageFile size 81M)
current process WorkingSet (physical memory assigned to process): 13M, peak: 13M
current process commit charge ("private bytes"): 60M, peak: 314M

vm_info: OpenJDK 64-Bit Server VM (17.0.18+8-LTS) for windows-amd64 JRE (17.0.18+8-LTS), built on Jan 15 2026 18:50:45 by "MicrosoftCorporation" with MS VC++ 17.14 (VS2022)

END.
